TN:
SF:src/presentation/helpers/httpResponse.js
FN:5,badRequest
FN:11,serverError
FN:17,uneauthorizedError
FNF:3
FNH:3
FNDA:2,badRequest
FNDA:2,serverError
FNDA:2,uneauthorizedError
DA:1,1
DA:2,1
DA:3,1
DA:4,1
DA:5,1
DA:6,2
DA:7,2
DA:8,2
DA:9,2
DA:10,2
DA:11,1
DA:12,2
DA:13,2
DA:14,2
DA:15,2
DA:16,1
DA:17,1
DA:18,2
DA:19,2
DA:20,2
DA:21,2
DA:22,2
DA:23,1
LF:23
LH:23
BRDA:5,0,0,2
BRDA:11,1,0,2
BRDA:17,2,0,2
BRF:3
BRH:3
end_of_record
TN:
SF:src/presentation/helpers/missing-params-error.js
FN:2,MissingParamError
FNF:1
FNH:1
FNDA:4,MissingParamError
DA:1,1
DA:2,1
DA:3,4
DA:4,4
DA:5,4
DA:6,1
LF:6
LH:6
BRDA:2,0,0,4
BRF:1
BRH:1
end_of_record
TN:
SF:src/presentation/helpers/uneauthorized-error.js
FN:2,UneauthorizedError
FNF:1
FNH:1
FNDA:3,UneauthorizedError
DA:1,1
DA:2,1
DA:3,3
DA:4,3
DA:5,3
DA:6,1
LF:6
LH:6
BRDA:2,0,0,3
BRF:1
BRH:1
end_of_record
TN:
SF:src/presentation/routes/login-router.js
FN:5,LoginRouter
FN:9,route
FNF:2
FNH:2
FNDA:6,LoginRouter
FNDA:6,route
DA:1,1
DA:2,1
DA:3,1
DA:4,1
DA:5,1
DA:6,6
DA:7,6
DA:8,1
DA:9,1
DA:10,6
DA:11,6
DA:12,6
DA:13,2
DA:14,2
DA:15,4
DA:16,4
DA:17,4
DA:18,4
DA:19,6
DA:20,1
DA:21,1
DA:22,3
DA:23,6
DA:24,1
DA:25,1
DA:26,2
DA:27,2
DA:28,2
DA:29,2
DA:30,2
DA:31,2
DA:32,1
LF:32
LH:32
BRDA:5,0,0,6
BRDA:9,1,0,6
BRDA:12,2,0,5
BRDA:12,3,0,2
BRDA:15,4,0,4
BRDA:19,5,0,1
BRDA:22,6,0,3
BRDA:23,7,0,1
BRDA:26,8,0,2
BRF:9
BRH:9
end_of_record
