TN:
SF:src/presentation/helpers/httpResponse.js
FN:5,badRequest
FN:11,serverError
FN:19,uneauthorizedError
FN:26,ok
FNF:4
FNH:4
FNDA:2,badRequest
FNDA:4,serverError
FNDA:1,uneauthorizedError
FNDA:2,ok
DA:1,1
DA:2,1
DA:3,1
DA:4,1
DA:5,1
DA:6,2
DA:7,2
DA:8,2
DA:9,2
DA:10,2
DA:11,1
DA:12,4
DA:13,4
DA:14,4
DA:15,4
DA:16,1
DA:17,1
DA:18,1
DA:19,1
DA:20,1
DA:21,1
DA:22,1
DA:23,1
DA:24,1
DA:25,1
DA:26,1
DA:27,2
DA:28,2
DA:29,2
DA:30,2
DA:31,2
DA:32,1
LF:32
LH:32
BRDA:5,0,0,2
BRDA:11,1,0,4
BRDA:19,2,0,1
BRDA:26,3,0,2
BRF:4
BRH:4
end_of_record
TN:
SF:src/presentation/helpers/missing-params-error.js
FN:2,MissingParamError
FNF:1
FNH:1
FNDA:4,MissingParamError
DA:1,1
DA:2,1
DA:3,4
DA:4,4
DA:5,4
DA:6,1
LF:6
LH:6
BRDA:2,0,0,4
BRF:1
BRH:1
end_of_record
TN:
SF:src/presentation/helpers/uneauthorized-error.js
FN:2,UneauthorizedError
FNF:1
FNH:1
FNDA:2,UneauthorizedError
DA:1,1
DA:2,1
DA:3,2
DA:4,2
DA:5,2
DA:6,1
LF:6
LH:6
BRDA:2,0,0,2
BRF:1
BRH:1
end_of_record
TN:
SF:src/presentation/routes/login-router.js
FN:5,LoginRouter
FN:9,route
FNF:2
FNH:2
FNDA:9,LoginRouter
FNDA:9,route
DA:1,1
DA:2,1
DA:3,1
DA:4,1
DA:5,1
DA:6,9
DA:7,9
DA:8,1
DA:9,1
DA:10,9
DA:11,9
DA:12,9
DA:13,4
DA:14,4
DA:15,5
DA:16,5
DA:17,5
DA:18,5
DA:19,9
DA:20,1
DA:21,1
DA:22,4
DA:23,9
DA:24,1
DA:25,1
DA:26,3
DA:27,3
DA:28,3
DA:29,9
DA:30,1
DA:31,1
DA:32,2
DA:33,2
DA:34,1
LF:34
LH:34
BRDA:5,0,0,9
BRDA:9,1,0,9
BRDA:12,2,0,8
BRDA:12,3,0,7
BRDA:12,4,0,6
BRDA:12,5,0,4
BRDA:15,6,0,5
BRDA:19,7,0,1
BRDA:22,8,0,4
BRDA:23,9,0,1
BRDA:26,10,0,3
BRDA:29,11,0,1
BRDA:32,12,0,2
BRF:13
BRH:13
end_of_record
